<?xml version="1.0" encoding="UTF-8"?>
<testng-results ignored="0" total="1" passed="1" failed="0" skipped="0">
  <reporter-output>
  </reporter-output>
  <suite started-at="2021-10-07T22:08:08 EDT" name="Suite" finished-at="2021-10-07T22:08:23 EDT" duration-ms="15304">
    <groups>
    </groups>
    <test started-at="2021-10-07T22:08:08 EDT" name="Test" finished-at="2021-10-07T22:08:23 EDT" duration-ms="15304">
      <class name="test.BaseTest">
        <test-method is-config="true" signature="beforeTestMethod()[pri:0, instance:test.BaseTest@31368b99]" started-at="2021-10-07T22:08:08 EDT" name="beforeTestMethod" finished-at="2021-10-07T22:08:08 EDT" duration-ms="277" status="PASS">
          <reporter-output>
          </reporter-output>
        </test-method> <!-- beforeTestMethod -->
        <test-method is-config="true" signature="beforeMethodMethod(java.lang.String,java.lang.reflect.Method)[pri:0, instance:test.BaseTest@31368b99]" started-at="2021-10-07T22:08:08 EDT" name="beforeMethodMethod" finished-at="2021-10-07T22:08:18 EDT" duration-ms="10566" status="PASS">
          <params>
            <param index="0">
              <value>
                <![CDATA[chrome]]>
              </value>
            </param>
            <param index="1">
              <value>
                <![CDATA[public void test.BaseTest.aspirationTestmethod()]]>
              </value>
            </param>
          </params>
          <reporter-output>
          </reporter-output>
        </test-method> <!-- beforeMethodMethod -->
        <test-method signature="aspirationTestmethod()[pri:0, instance:test.BaseTest@31368b99]" started-at="2021-10-07T22:08:18 EDT" name="aspirationTestmethod" finished-at="2021-10-07T22:08:22 EDT" duration-ms="3447" status="PASS">
          <reporter-output>
          </reporter-output>
        </test-method> <!-- aspirationTestmethod -->
        <test-method is-config="true" signature="afterMethodMethod(org.testng.ITestResult)[pri:0, instance:test.BaseTest@31368b99]" started-at="2021-10-07T22:08:22 EDT" name="afterMethodMethod" finished-at="2021-10-07T22:08:23 EDT" duration-ms="717" status="PASS">
          <params>
            <param index="0">
              <value>
                <![CDATA[[TestResult name=aspirationTestmethod status=SUCCESS method=BaseTest.aspirationTestmethod()[pri:0, instance:test.BaseTest@31368b99] output={null}]]]>
              </value>
            </param>
          </params>
          <reporter-output>
          </reporter-output>
        </test-method> <!-- afterMethodMethod -->
        <test-method is-config="true" signature="afterTestMethod()[pri:0, instance:test.BaseTest@31368b99]" started-at="2021-10-07T22:08:23 EDT" name="afterTestMethod" finished-at="2021-10-07T22:08:23 EDT" duration-ms="253" status="PASS">
          <reporter-output>
          </reporter-output>
        </test-method> <!-- afterTestMethod -->
      </class> <!-- test.BaseTest -->
    </test> <!-- Test -->
  </suite> <!-- Suite -->
</testng-results>
