<?xml version="1.0" encoding="UTF-8"?>
<testng-results ignored="0" total="1" passed="1" failed="0" skipped="0">
  <reporter-output>
  </reporter-output>
  <suite started-at="2021-10-08T10:36:22 EDT" name="Suite" finished-at="2021-10-08T10:36:41 EDT" duration-ms="19266">
    <groups>
      <group name="cucumber">
        <method signature="AbstractTestNGCucumberTests.runScenario(io.cucumber.testng.PickleWrapper,io.cucumber.testng.FeatureWrapper)[pri:0, instance:testRunner.TestRun@68999068]" name="runScenario" class="io.cucumber.testng.AbstractTestNGCucumberTests"/>
      </group> <!-- cucumber -->
    </groups>
    <test started-at="2021-10-08T10:36:22 EDT" name="Test" finished-at="2021-10-08T10:36:41 EDT" duration-ms="19266">
      <class name="testRunner.TestRun">
        <test-method is-config="true" signature="setUpClass()[pri:0, instance:testRunner.TestRun@68999068]" started-at="2021-10-08T10:36:22 EDT" name="setUpClass" finished-at="2021-10-08T10:36:22 EDT" duration-ms="239" status="PASS">
          <reporter-output>
          </reporter-output>
        </test-method> <!-- setUpClass -->
        <test-method signature="runScenario(io.cucumber.testng.PickleWrapper,io.cucumber.testng.FeatureWrapper)[pri:0, instance:testRunner.TestRun@68999068]" started-at="2021-10-08T10:36:22 EDT" name="runScenario" description="Runs Cucumber Scenarios" data-provider="scenarios" finished-at="2021-10-08T10:36:41 EDT" duration-ms="18983" status="PASS">
          <params>
            <param index="0">
              <value>
                <![CDATA["User visits home page, navigates to products and views products"]]>
              </value>
            </param>
            <param index="1">
              <value>
                <![CDATA["Optional[Homepage and Productpage]"]]>
              </value>
            </param>
          </params>
          <reporter-output>
          </reporter-output>
        </test-method> <!-- runScenario -->
        <test-method is-config="true" signature="tearDownClass()[pri:0, instance:testRunner.TestRun@68999068]" started-at="2021-10-08T10:36:41 EDT" name="tearDownClass" finished-at="2021-10-08T10:36:41 EDT" duration-ms="7" status="PASS">
          <reporter-output>
          </reporter-output>
        </test-method> <!-- tearDownClass -->
      </class> <!-- testRunner.TestRun -->
    </test> <!-- Test -->
  </suite> <!-- Suite -->
</testng-results>
